[pig666.weebly.com/index.html]
[pig666.weebly.com/gdpr/gdprscriptf105.js]
[pig666.weebly.com/gdpr/gdprscripte469.js]
[backblue.gif]
[fade.gif]
[index.html]
[cdn2.editmysite.com/css/sites1a0f.css]
[cdn2.editmysite.com/css/old/fancybox7794.css]
[cdn2.editmysite.com/css/social-iconsc05b.css]
[pig666.weebly.com/files/main_style1948.css]
[ajax.googleapis.com/ajax/libs/jquery/1.8.3/jquery.min.js]
[cdn2.editmysite.com/js/lang/zh_TW/stl3ff6.js]
[cdn2.editmysite.com/js/site/main1a0f.js]
[www.google.com/recaptcha/api.js]
[pig666.weebly.com/live.html]
[widget.time.is/zh_tw.js]
[widget.time.is/t.js]
[cdn2.editmysite.com/images/site/footer/footer-toast-published-image.jpg]
[cdn2.editmysite.com/js/site/footerSignup0d62.js]
[pig666.weebly.com/files/theme/plugins1bc3.js]
[pig666.weebly.com/files/theme/custom1bc3.js]
[cdn2.editmysite.com/js/site/main-customer-accounts-site1a0f.js]
[cdn2.editmysite.com/js/wsnbn/snowday262.js]
[pig666.weebly.com/index.html]
[cdn2.editmysite.com/images/util/videojs/white-bar.png]
[cdn2.editmysite.com/images/util/videojs/@2x/white-bar.png]
[cdn2.editmysite.com/images/util/videojs/gradient.png]
[cdn2.editmysite.com/images/util/videojs/@2x/gradient.png]
[cdn2.editmysite.com/sprites/util/videojs-sacae758aa2.png]
[cdn2.editmysite.com/sprites/util/videojs/@2x-s2aff7e7d9a.png]
[cdn2.editmysite.com/images/util/videojs/volume-filled.png]
[cdn2.editmysite.com/images/util/videojs/@2x/volume-filled.png]
[cdn2.editmysite.com/images/util/videojs/volume-mute.png]
[cdn2.editmysite.com/images/util/videojs/@2x/volume-mute.png]
[cdn2.editmysite.com/images/util/videojs/blue-bar.png]
[cdn2.editmysite.com/images/util/videojs/@2x/blue-bar.png]
[cdn2.editmysite.com/images/util/videojs/maximize-icon.png]
[cdn2.editmysite.com/images/util/videojs/@2x/maximize-icon.png]
[cdn2.editmysite.com/images/util/videojs/minimize-icon.png]
[cdn2.editmysite.com/images/util/videojs/@2x/minimize-icon.png]
[cdn2.editmysite.com/images/util/videojs/play-icon.png]
[cdn2.editmysite.com/images/util/videojs/@2x/play-icon.png]
[cdn2.editmysite.com/images/util/videojs/sad-face.png]
[cdn2.editmysite.com/images/util/videojs/@2x/sad-face.png]
[cdn2.editmysite.com/images/util/videojs/loading-icon.png]
[cdn2.editmysite.com/images/util/videojs/@2x/loading-icon.png]
[cdn2.editmysite.com/images/common/buttons/small_grey.png]
[cdn2.editmysite.com/images/common/buttons/small_blue.png]
[cdn2.editmysite.com/images/old/button/large_grey.png]
[cdn2.editmysite.com/images/common/buttons/large_blue.png]
[cdn2.editmysite.com/images/common/search-light.png]
[cdn2.editmysite.com/images/common/social_icons.png]
[cdn2.editmysite.com/images/common/blog/blog-comment-button.png]
[cdn2.editmysite.com/images/common/blog/blog-comment-header.png]
[cdn2.editmysite.com/images/common/blog/blog-comment-pointer.png]
[cdn2.editmysite.com/images/common/blog/blog-comment-link.png]
[cdn2.editmysite.com/images/common/blog/blog-comment-header-author.png]
[cdn2.editmysite.com/images/common/blog/blog-comment-pointer-author.png]
[cdn2.editmysite.com/images/common/blog/blog-comment-field-bg.png]
[cdn2.editmysite.com/images/common/blog/dark-blog-comment-header.png]
[cdn2.editmysite.com/images/common/blog/dark-blog-comment-pointer.png]
[cdn2.editmysite.com/images/common/blog/dark-blog-comment-header-author.png]
[cdn2.editmysite.com/images/common/blog/dark-blog-comment-pointer-author.png]
[cdn2.editmysite.com/images/common/blog/dark-blog-comment-link.png]
[cdn2.editmysite.com/images/util/general/blank.gif]
[cdn2.editmysite.com/images/common/lightbox/prevlabel.gif]
[cdn2.editmysite.com/images/common/lightbox/nextlabel.gif]
[cdn2.editmysite.com/sprites/util/inputs/checkmarkBox-s7868418152.png]
[cdn2.editmysite.com/sprites/util/inputs/checkmarkBox/@2x-s211a47d318.png]
[cdn2.editmysite.com/images/util/inputs/search-input-bg.jpg]
[cdn2.editmysite.com/images/common/magnifying-glass.png]
[cdn2.editmysite.com/images/common/checkmarks/checkmark-mini.png]
[cdn2.editmysite.com/images/common/checkmarks/@2x/checkmark-mini.png]
[cdn2.editmysite.com/images/common/search-pagination-bg.png]
[cdn2.editmysite.com/images/util/general/top-triangle-000.png]
[cdn2.editmysite.com/images/util/general/bottom-triangle-000.png]
[cdn2.editmysite.com/images/util/general/top-triangle-000@2x.png]
[cdn2.editmysite.com/images/util/general/bottom-triangle-000@2x.png]
[cdn2.editmysite.com/sprites/common/social-icons-s5ea5500bdb.png]
[cdn2.editmysite.com/sprites/common/social-icons/@2x-s0ae7d70c70.png]
[cdn2.editmysite.com/sprites/site/mini-cart-s86c48effae.png]
[cdn2.editmysite.com/sprites/site/mini-cart/@2x-s576cbc3f90.png]
[cdn2.editmysite.com/images/loading.gif]
[cdn2.editmysite.com/sprites/site/mobile/commerce-sdf6d4e852c.png]
[cdn2.editmysite.com/sprites/site/mobile/commerce/@2x-s82f968c453.png]
[cdn2.editmysite.com/images/site/checkout/paypal.png]
[cdn2.editmysite.com/images/site/checkout/@2x/paypal.png]
[cdn2.editmysite.com/images/site/checkout/credit-cards.png]
[cdn2.editmysite.com/images/site/checkout/@2x/credit-cards.png]
[cdn2.editmysite.com/images/site/checkout/print.png]
[cdn2.editmysite.com/images/site/checkout/print@2x.png]
[cdn2.editmysite.com/images/vendor/select2/select2.png]
[cdn2.editmysite.com/images/vendor/select2/select2-spinner.gif]
[cdn2.editmysite.com/images/vendor/select2/select2x2.png]
[cdn2.editmysite.com/images/util/spinner/spinner-dark.png]
[cdn2.editmysite.com/images/util/spinner/spinner-light.png]
[cdn2.editmysite.com/images/util/loading-white-w24.gif]
[cdn2.editmysite.com/images/common/form_input_bg.gif]
[cdn2.editmysite.com/sprites/site/forms-s3786257308.png]
[cdn2.editmysite.com/sprites/site/forms/@2x-s47607b315a.png]
[cdn2.editmysite.com/images/blank.gif]
[cdn2.editmysite.com/sprites/site/footer-s48158ed9f7.png]
[cdn2.editmysite.com/sprites/site/footer/@2x-s398696b4d5.png]
[cdn2.editmysite.com/images/old/photoswipe/loader.gif]
[cdn2.editmysite.com/images/old/photoswipe/error.gif]
[cdn2.editmysite.com/images/old/photoswipe/icons.png]
[cdn2.editmysite.com/images/old/photoswipe/icons@2x.png]
[cdn2.editmysite.com/css/sites1a0f.css]
[cdn2.editmysite.com/images/old/fancybox/fancybox_sprite.png]
[cdn2.editmysite.com/images/old/fancybox/fancybox_loading.gif]
[cdn2.editmysite.com/images/old/fancybox/blank.gif]
[cdn2.editmysite.com/images/old/fancybox/fancybox_overlay.png]
[cdn2.editmysite.com/css/old/fancybox7794.css]
[cdn2.editmysite.com/css/social-iconsc05b.css]
[pig666.weebly.com/files/theme/fonts/Unite_5001948.otf]
[pig666.weebly.com/files/theme/fonts/Unite_500_it1948.otf]
[pig666.weebly.com/files/theme/fonts/Unite_7001948.otf]
[pig666.weebly.com/files/theme/images/default-bg1948.jpg]
[pig666.weebly.com/files/theme/images/select-dropdown1948.png]
[pig666.weebly.com/files/main_style1948.css]
[cdn2.editmysite.com/js/lang/zh_TW/stl3ff6.js]
[cdn2.editmysite.com/js/site/main1a0f.js]
[pig666.weebly.com/live.html]
[cdn2.editmysite.com/js/site/footerSignup0d62.js]
[cdn2.editmysite.com/js/site/main-customer-accounts-site1a0f.js]
[cdn2.editmysite.com/js/wsnbn/snowday262.js]
[pig666.weebly.com/r.html]
[pig666.weebly.com/mustache.html]
[pig666.weebly.com/GET.html]
[pig666.weebly.com/formSubmit.html]
[pig666.weebly.com/formSubmitAjax.html]
[pig666.weebly.com/weebly/libraries/videojs/video-js.html]
[pig666.weebly.com/AppleWebKit/index.html]
[pig666.weebly.com/Mobile/index.html]
[pig666.weebly.com/ecommerce.html]
[pig666.weebly.com/data functions should return an object_.html]
[pig666.weebly.com/edge/index.html]
[pig666.weebly.com/You are running Vue in development mode.html]
[pig666.weebly.com/store/account/index.html]
[pig666.weebly.com/images/customer-accounts/arrow-left.html]
[pig666.weebly.com/images/customer-accounts/check.html]
[pig666.weebly.com/images/customer-accounts/close-icon.html]
[pig666.weebly.com/dist/index.html]
[pig666.weebly.com/ABCDEFGHIJKLMNOPQRSTUVWXYZabcdefghijklmnopqrstuvwxyz0123456789+/index.html]
[pig666.weebly.com/payload.html]
[pig666.weebly.com/POST.html]
